

Version:	3.50
CmdLine:	D:\KMA\Hoc\PTPMUD\project\8Game\8Games.exe --l4j-debug
JNI:		No
WOW64:		Yes
Working dir:	D:\KMA\Hoc\PTPMUD\project\8Game\.
Requires JDK:	No
Requires 64-Bit: No
Java min ver:	
Java max ver:	
Substitute:	JAVA_HOME = 
Substitute:	PATH = C:\Program Files (x86)\VMware\VMware Workstation\bin\;C:\Users\ngoqu\AppData\Local\Programs\Python\Python311\Scripts\;C:\Users\ngoqu\AppData\Local\Programs\Python\Python311\;C:\Program Files\Common Files\Oracle\Java\javapath;C:\Program Files (x86)\Common Files\Oracle\Java\javapath;C:\Windows\system32;C:\Windows;C:\Windows\System32\Wbem;C:\Windows\System32\WindowsPowerShell\v1.0\;C:\Windows\System32\OpenSSH\;C:\Program Files\Java\jdk-17.0.1\bin;C:\Program Files\Java\jre1.8.0_311\bin;C:\Program Files\nodejs\;C:\ProgramData\chocolatey\bin;C:\Program Files (x86)\Microsoft SQL Server\160\DTS\Binn\;C:\Program Files\Azure Data Studio\bin;C:\Program Files (x86)\NVIDIA Corporation\PhysX\Common;C:\Program Files\NVIDIA Corporation\NVIDIA NvDLISR;C:\Users\ngoqu\AppData\Local\Android\Sdk\platform-tools;C:\Program Files\Git\cmd;C:\Keil_v5\ARM\ARMCLANG\bin;C:\Program Files\Cloudflare\Cloudflare WARP\;;C:\Program Files\Docker\Docker\resources\bin;C:\Users\ngoqu\AppData\Local\Microsoft\WindowsApps;C:\Users\ngoqu\AppData\Local\gitkraken\bin;C:\Users\ngoqu\AppData\Local\Programs\Azure Data Studio\bin;C:\Users\ngoqu\AppData\Roaming\npm;C:\Users\ngoqu\AppData\Local\Programs\Microsoft VS Code\bin;C:\Program Files\JetBrains\IntelliJ IDEA Community Edition 2023.1\bin;;C:\Program Files\Azure Data Studio\bin;C:\Program Files\JetBrains\IntelliJ IDEA 2023.2.2\bin;;C:\Program Files\Java\jdk-17.0.1\bin
JRE paths:	;C:\Program Files (x86)\VMware\VMware Workstation\bin\;C:\Users\ngoqu\AppData\Local\Programs\Python\Python311\Scripts\;C:\Users\ngoqu\AppData\Local\Programs\Python\Python311\;C:\Program Files\Common Files\Oracle\Java\javapath;C:\Program Files (x86)\Common Files\Oracle\Java\javapath;C:\Windows\system32;C:\Windows;C:\Windows\System32\Wbem;C:\Windows\System32\WindowsPowerShell\v1.0\;C:\Windows\System32\OpenSSH\;C:\Program Files\Java\jdk-17.0.1\bin;C:\Program Files\Java\jre1.8.0_311\bin;C:\Program Files\nodejs\;C:\ProgramData\chocolatey\bin;C:\Program Files (x86)\Microsoft SQL Server\160\DTS\Binn\;C:\Program Files\Azure Data Studio\bin;C:\Program Files (x86)\NVIDIA Corporation\PhysX\Common;C:\Program Files\NVIDIA Corporation\NVIDIA NvDLISR;C:\Users\ngoqu\AppData\Local\Android\Sdk\platform-tools;C:\Program Files\Git\cmd;C:\Keil_v5\ARM\ARMCLANG\bin;C:\Program Files\Cloudflare\Cloudflare WARP\;;C:\Program Files\Docker\Docker\resources\bin;C:\Users\ngoqu\AppData\Local\Microsoft\WindowsApps;C:\Users\ngoqu\AppData\Local\gitkraken\bin;C:\Users\ngoqu\AppData\Local\Programs\Azure Data Studio\bin;C:\Users\ngoqu\AppData\Roaming\npm;C:\Users\ngoqu\AppData\Local\Programs\Microsoft VS Code\bin;C:\Program Files\JetBrains\IntelliJ IDEA Community Edition 2023.1\bin;;C:\Program Files\Azure Data Studio\bin;C:\Program Files\JetBrains\IntelliJ IDEA 2023.2.2\bin;;C:\Program Files\Java\jdk-17.0.1\bin
Check launcher:	C:\Program Files (x86)\VMware\VMware Workstation\bin\bin\javaw.exe (not found)
Check launcher:	C:\Users\ngoqu\AppData\Local\Programs\Python\Python311\Scripts\bin\javaw.exe (not found)
Check launcher:	C:\Users\ngoqu\AppData\Local\Programs\Python\Python311\bin\javaw.exe (not found)
Check launcher:	C:\Program Files\Common Files\Oracle\Java\javapath\bin\javaw.exe (not found)
Check launcher:	C:\Program Files (x86)\Common Files\Oracle\Java\javapath\bin\javaw.exe (not found)
Check launcher:	C:\Windows\system32\bin\javaw.exe (not found)
Check launcher:	C:\Windows\bin\javaw.exe (not found)
Check launcher:	C:\Windows\System32\Wbem\bin\javaw.exe (not found)
Check launcher:	C:\Windows\System32\WindowsPowerShell\v1.0\bin\javaw.exe (not found)
Check launcher:	C:\Windows\System32\OpenSSH\bin\javaw.exe (not found)
Check launcher:	C:\Program Files\Java\jdk-17.0.1\bin\javaw.exe (OK)
Version string: 1.017.000_001 / 64-Bit (OK)
Launcher:	C:\Program Files\Java\jdk-17.0.1\bin\javaw.exe
Launcher args:	-jar "D:\KMA\Hoc\PTPMUD\project\8Game\8Games.exe"
Args length:	49/32768 chars
Exit code:	0


Version:	3.50
CmdLine:	D:\KMA\Hoc\PTPMUD\project\8Game\8Games.exe --l4j-debug
JNI:		No
WOW64:		Yes
Working dir:	D:\KMA\Hoc\PTPMUD\project\8Game\.
Requires JDK:	No
Requires 64-Bit: No
Java min ver:	
Java max ver:	
Substitute:	JAVA_HOME = 
Substitute:	PATH = C:\Program Files (x86)\VMware\VMware Workstation\bin\;C:\Users\ngoqu\AppData\Local\Programs\Python\Python311\Scripts\;C:\Users\ngoqu\AppData\Local\Programs\Python\Python311\;C:\Program Files\Common Files\Oracle\Java\javapath;C:\Program Files (x86)\Common Files\Oracle\Java\javapath;C:\Windows\system32;C:\Windows;C:\Windows\System32\Wbem;C:\Windows\System32\WindowsPowerShell\v1.0\;C:\Windows\System32\OpenSSH\;C:\Program Files\Java\jdk-17.0.1\bin;C:\Program Files\Java\jre1.8.0_311\bin;C:\Program Files\nodejs\;C:\ProgramData\chocolatey\bin;C:\Program Files (x86)\Microsoft SQL Server\160\DTS\Binn\;C:\Program Files\Azure Data Studio\bin;C:\Program Files (x86)\NVIDIA Corporation\PhysX\Common;C:\Program Files\NVIDIA Corporation\NVIDIA NvDLISR;C:\Users\ngoqu\AppData\Local\Android\Sdk\platform-tools;C:\Program Files\Git\cmd;C:\Keil_v5\ARM\ARMCLANG\bin;C:\Program Files\Cloudflare\Cloudflare WARP\;;C:\Program Files\Docker\Docker\resources\bin;C:\Users\ngoqu\AppData\Local\Microsoft\WindowsApps;C:\Users\ngoqu\AppData\Local\gitkraken\bin;C:\Users\ngoqu\AppData\Local\Programs\Azure Data Studio\bin;C:\Users\ngoqu\AppData\Roaming\npm;C:\Users\ngoqu\AppData\Local\Programs\Microsoft VS Code\bin;C:\Program Files\JetBrains\IntelliJ IDEA Community Edition 2023.1\bin;;C:\Program Files\Azure Data Studio\bin;C:\Program Files\JetBrains\IntelliJ IDEA 2023.2.2\bin;;C:\Program Files\Java\jdk-17.0.1\bin
JRE paths:	;C:\Program Files (x86)\VMware\VMware Workstation\bin\;C:\Users\ngoqu\AppData\Local\Programs\Python\Python311\Scripts\;C:\Users\ngoqu\AppData\Local\Programs\Python\Python311\;C:\Program Files\Common Files\Oracle\Java\javapath;C:\Program Files (x86)\Common Files\Oracle\Java\javapath;C:\Windows\system32;C:\Windows;C:\Windows\System32\Wbem;C:\Windows\System32\WindowsPowerShell\v1.0\;C:\Windows\System32\OpenSSH\;C:\Program Files\Java\jdk-17.0.1\bin;C:\Program Files\Java\jre1.8.0_311\bin;C:\Program Files\nodejs\;C:\ProgramData\chocolatey\bin;C:\Program Files (x86)\Microsoft SQL Server\160\DTS\Binn\;C:\Program Files\Azure Data Studio\bin;C:\Program Files (x86)\NVIDIA Corporation\PhysX\Common;C:\Program Files\NVIDIA Corporation\NVIDIA NvDLISR;C:\Users\ngoqu\AppData\Local\Android\Sdk\platform-tools;C:\Program Files\Git\cmd;C:\Keil_v5\ARM\ARMCLANG\bin;C:\Program Files\Cloudflare\Cloudflare WARP\;;C:\Program Files\Docker\Docker\resources\bin;C:\Users\ngoqu\AppData\Local\Microsoft\WindowsApps;C:\Users\ngoqu\AppData\Local\gitkraken\bin;C:\Users\ngoqu\AppData\Local\Programs\Azure Data Studio\bin;C:\Users\ngoqu\AppData\Roaming\npm;C:\Users\ngoqu\AppData\Local\Programs\Microsoft VS Code\bin;C:\Program Files\JetBrains\IntelliJ IDEA Community Edition 2023.1\bin;;C:\Program Files\Azure Data Studio\bin;C:\Program Files\JetBrains\IntelliJ IDEA 2023.2.2\bin;;C:\Program Files\Java\jdk-17.0.1\bin
Check launcher:	C:\Program Files (x86)\VMware\VMware Workstation\bin\bin\javaw.exe (not found)
Check launcher:	C:\Users\ngoqu\AppData\Local\Programs\Python\Python311\Scripts\bin\javaw.exe (not found)
Check launcher:	C:\Users\ngoqu\AppData\Local\Programs\Python\Python311\bin\javaw.exe (not found)
Check launcher:	C:\Program Files\Common Files\Oracle\Java\javapath\bin\javaw.exe (not found)
Check launcher:	C:\Program Files (x86)\Common Files\Oracle\Java\javapath\bin\javaw.exe (not found)
Check launcher:	C:\Windows\system32\bin\javaw.exe (not found)
Check launcher:	C:\Windows\bin\javaw.exe (not found)
Check launcher:	C:\Windows\System32\Wbem\bin\javaw.exe (not found)
Check launcher:	C:\Windows\System32\WindowsPowerShell\v1.0\bin\javaw.exe (not found)
Check launcher:	C:\Windows\System32\OpenSSH\bin\javaw.exe (not found)
Check launcher:	C:\Program Files\Java\jdk-17.0.1\bin\javaw.exe (OK)
Version string: 1.017.000_001 / 64-Bit (OK)
Launcher:	C:\Program Files\Java\jdk-17.0.1\bin\javaw.exe
Launcher args:	-jar "D:\KMA\Hoc\PTPMUD\project\8Game\8Games.exe"
Args length:	49/32768 chars
Exit code:	0
